2025-10-05 00:00:47 [main] INFO  com.sample.demo.DemoApplication - Starting DemoApplication using Java 21.0.8 with PID 10816 (C:\Users\fatjo\Desktop\project\target\classes started by fatjo in C:\Users\fatjo\Desktop\project)
2025-10-05 00:00:47 [main] DEBUG com.sample.demo.DemoApplication - Running with Spring Boot v3.4.2, Spring v6.2.2
2025-10-05 00:00:47 [main] INFO  com.sample.demo.DemoApplication - No active profile set, falling back to 1 default profile: "default"
2025-10-05 00:00:47 [main] INFO  o.s.b.d.c.l.DockerComposeLifecycleManager - Using Docker Compose file C:\Users\fatjo\Desktop\project\docker-compose.yml
2025-10-05 00:00:50 [main] INFO  o.s.b.d.c.l.DockerComposeLifecycleManager - There are already Docker Compose services running, skipping startup
2025-10-05 00:00:54 [main] INFO  o.s.d.r.c.RepositoryConfigurationDelegate - Bootstrapping Spring Data JPA repositories in DEFAULT mode.
2025-10-05 00:00:54 [main] INFO  o.s.d.r.c.RepositoryConfigurationDelegate - Finished Spring Data repository scanning in 108 ms. Found 6 JPA repository interfaces.
2025-10-05 00:00:55 [main] INFO  o.s.b.w.e.tomcat.TomcatWebServer - Tomcat initialized with port 8081 (http)
2025-10-05 00:00:55 [main] INFO  o.a.catalina.core.StandardService - Starting service [Tomcat]
2025-10-05 00:00:55 [main] INFO  o.a.catalina.core.StandardEngine - Starting Servlet engine: [Apache Tomcat/10.1.34]
2025-10-05 00:00:55 [main] INFO  o.a.c.c.C.[Tomcat].[localhost].[/] - Initializing Spring embedded WebApplicationContext
2025-10-05 00:00:55 [main] INFO  o.s.b.w.s.c.ServletWebServerApplicationContext - Root WebApplicationContext: initialization completed in 3092 ms
2025-10-05 00:00:56 [main] INFO  o.h.jpa.internal.util.LogHelper - HHH000204: Processing PersistenceUnitInfo [name: default]
2025-10-05 00:00:56 [main] INFO  org.hibernate.Version - HHH000412: Hibernate ORM core version 6.6.5.Final
2025-10-05 00:00:56 [main] INFO  o.h.c.i.RegionFactoryInitiator - HHH000026: Second-level cache disabled
2025-10-05 00:00:56 [main] INFO  o.s.o.j.p.SpringPersistenceUnitInfo - No LoadTimeWeaver setup: ignoring JPA class transformer
2025-10-05 00:00:56 [main] INFO  com.zaxxer.hikari.HikariDataSource - HikariPool-1 - Starting...
2025-10-05 00:00:57 [main] INFO  com.zaxxer.hikari.pool.HikariPool - HikariPool-1 - Added connection com.mysql.cj.jdbc.ConnectionImpl@5418893c
2025-10-05 00:00:57 [main] INFO  com.zaxxer.hikari.HikariDataSource - HikariPool-1 - Start completed.
2025-10-05 00:00:57 [main] INFO  o.hibernate.orm.connections.pooling - HHH10001005: Database info:
	Database JDBC URL [Connecting through datasource 'HikariDataSource (HikariPool-1)']
	Database driver: undefined/unknown
	Database version: 8.0.43
	Autocommit mode: undefined/unknown
	Isolation level: undefined/unknown
	Minimum pool size: undefined/unknown
	Maximum pool size: undefined/unknown
2025-10-05 00:00:57 [main] DEBUG o.h.t.d.sql.spi.DdlTypeRegistry - addDescriptor(12, org.hibernate.type.descriptor.sql.internal.CapacityDependentDdlType@550e7ef6) replaced previous registration(org.hibernate.type.descriptor.sql.internal.CapacityDependentDdlType@7c9c7e7d)
2025-10-05 00:00:57 [main] DEBUG o.h.t.d.sql.spi.DdlTypeRegistry - addDescriptor(-9, org.hibernate.type.descriptor.sql.internal.CapacityDependentDdlType@58701e8c) replaced previous registration(org.hibernate.type.descriptor.sql.internal.CapacityDependentDdlType@951461a)
2025-10-05 00:00:57 [main] DEBUG o.h.t.d.sql.spi.DdlTypeRegistry - addDescriptor(-3, org.hibernate.type.descriptor.sql.internal.CapacityDependentDdlType@2f0e7008) replaced previous registration(org.hibernate.type.descriptor.sql.internal.CapacityDependentDdlType@307e9c02)
2025-10-05 00:00:57 [main] DEBUG o.h.t.d.sql.spi.DdlTypeRegistry - addDescriptor(4003, org.hibernate.type.descriptor.sql.internal.DdlTypeImpl@682270ff) replaced previous registration(org.hibernate.type.descriptor.sql.internal.DdlTypeImpl@6bc08a77)
2025-10-05 00:00:57 [main] DEBUG o.h.t.d.sql.spi.DdlTypeRegistry - addDescriptor(4001, org.hibernate.type.descriptor.sql.internal.DdlTypeImpl@37922937) replaced previous registration(org.hibernate.type.descriptor.sql.internal.DdlTypeImpl@73483d4b)
2025-10-05 00:00:57 [main] DEBUG o.h.t.d.sql.spi.DdlTypeRegistry - addDescriptor(4002, org.hibernate.type.descriptor.sql.internal.DdlTypeImpl@8961e55) replaced previous registration(org.hibernate.type.descriptor.sql.internal.DdlTypeImpl@67eabe02)
2025-10-05 00:00:57 [main] DEBUG o.h.t.d.sql.spi.DdlTypeRegistry - addDescriptor(2004, org.hibernate.type.descriptor.sql.internal.CapacityDependentDdlType@4197e859) replaced previous registration(org.hibernate.type.descriptor.sql.internal.DdlTypeImpl@73072745)
2025-10-05 00:00:57 [main] DEBUG o.h.t.d.sql.spi.DdlTypeRegistry - addDescriptor(2005, org.hibernate.type.descriptor.sql.internal.CapacityDependentDdlType@4bdbfbc6) replaced previous registration(org.hibernate.type.descriptor.sql.internal.DdlTypeImpl@79735611)
2025-10-05 00:00:57 [main] DEBUG o.h.t.d.sql.spi.DdlTypeRegistry - addDescriptor(2011, org.hibernate.type.descriptor.sql.internal.CapacityDependentDdlType@758ac46) replaced previous registration(org.hibernate.type.descriptor.sql.internal.DdlTypeImpl@4d2f8ee7)
2025-10-05 00:00:59 [main] INFO  o.h.e.t.j.p.i.JtaPlatformInitiator - HHH000489: No JTA platform available (set 'hibernate.transaction.jta.platform' to enable JTA platform integration)
2025-10-05 00:00:59 [main] INFO  o.s.o.j.LocalContainerEntityManagerFactoryBean - Initialized JPA EntityManagerFactory for persistence unit 'default'
2025-10-05 00:00:59 [main] DEBUG c.s.d.s.JwtAuthenticationFilter - Filter 'jwtAuthenticationFilter' configured for use
2025-10-05 00:01:00 [main] INFO  i.t.s.WorkflowServiceStubsImpl - Created WorkflowServiceStubs for channel: ManagedChannelOrphanWrapper{delegate=ManagedChannelImpl{logId=1, target=localhost:7233}}
2025-10-05 00:01:00 [main] INFO  o.s.s.c.a.a.c.InitializeAuthenticationProviderBeanManagerConfigurer$InitializeAuthenticationProviderManagerConfigurer - Global AuthenticationManager configured with AuthenticationProvider bean with name authenticationProvider
2025-10-05 00:01:00 [main] WARN  o.s.s.c.a.a.c.InitializeUserDetailsBeanManagerConfigurer$InitializeUserDetailsManagerConfigurer - Global AuthenticationManager configured with an AuthenticationProvider bean. UserDetailsService beans will not be used by Spring Security for automatically configuring username/password login. Consider removing the AuthenticationProvider bean. Alternatively, consider using the UserDetailsService in a manually instantiated DaoAuthenticationProvider. If the current configuration is intentional, to turn off this warning, increase the logging level of 'org.springframework.security.config.annotation.authentication.configuration.InitializeUserDetailsBeanManagerConfigurer' to ERROR
2025-10-05 00:01:01 [main] WARN  o.s.b.a.o.j.JpaBaseConfiguration$JpaWebConfiguration - spring.jpa.open-in-view is enabled by default. Therefore, database queries may be performed during view rendering. Explicitly configure spring.jpa.open-in-view to disable this warning
2025-10-05 00:01:01 [main] INFO  o.s.b.a.w.s.WelcomePageHandlerMapping - Adding welcome page template: index
2025-10-05 00:01:01 [main] INFO  o.s.b.a.e.web.EndpointLinksResolver - Exposing 4 endpoints beneath base path '/actuator'
2025-10-05 00:01:01 [main] DEBUG o.s.s.web.DefaultSecurityFilterChain - Will secure any request with filters: DisableEncodeUrlFilter, WebAsyncManagerIntegrationFilter, SecurityContextHolderFilter, HeaderWriterFilter, LogoutFilter, JwtAuthenticationFilter, RequestCacheAwareFilter, SecurityContextHolderAwareRequestFilter, AnonymousAuthenticationFilter, SessionManagementFilter, ExceptionTranslationFilter, AuthorizationFilter
2025-10-05 00:01:02 [main] INFO  i.t.s.b.a.template.WorkersTemplate - Creating configured worker for a task queue demoqueue-two
2025-10-05 00:01:02 [main] INFO  i.t.s.b.a.template.WorkersTemplate - Registering auto-discovered workflow class class com.sample.demo.workflows.MessageWorkflowImpl on a worker with a task queue 'demoqueue-two'
2025-10-05 00:01:02 [main] INFO  i.t.s.b.a.template.WorkersTemplate - Creating a worker with default settings for a task queue 'demoqueue' caused by an auto-discovered workflow class class com.sample.demo.workflows.HelloWorkflowImpl
2025-10-05 00:01:02 [main] INFO  i.t.s.b.a.template.WorkersTemplate - Registering auto-discovered workflow class class com.sample.demo.workflows.HelloWorkflowImpl on a worker with a task queue 'demoqueue'
2025-10-05 00:01:02 [main] INFO  i.t.s.b.a.template.WorkersTemplate - Registering auto-discovered activity bean 'helloActivityImpl' of class class com.sample.demo.activities.HelloActivityImpl on a worker  with a task queue 'demoqueue'
2025-10-05 00:01:02 [main] INFO  i.t.s.b.a.template.WorkersTemplate - Registering auto-discovered activity bean 'messageActivityImpl' of class class com.sample.demo.activities.MessageActivityImpl on a worker  with a task queue 'demoqueue-two'
2025-10-05 00:01:02 [main] INFO  o.s.d.j.r.query.QueryEnhancerFactory - Hibernate is in classpath; If applicable, HQL parser will be used.
2025-10-05 00:01:03 [main] INFO  o.s.b.w.e.tomcat.TomcatWebServer - Tomcat started on port 8081 (http) with context path '/'
2025-10-05 00:01:03 [main] INFO  com.sample.demo.DemoApplication - Started DemoApplication in 16.993 seconds (process running for 17.811)
2025-10-05 00:01:04 [main] INFO  io.temporal.internal.worker.Poller - start: Poller{name=Workflow Poller taskQueue="demoqueue-two", namespace="default", identity=10816@jon-pc}
2025-10-05 00:01:04 [main] INFO  io.temporal.internal.worker.Poller - start: Poller{name=Activity Poller taskQueue="demoqueue-two", namespace="default", identity=10816@jon-pc}
2025-10-05 00:01:04 [main] INFO  io.temporal.internal.worker.Poller - start: Poller{name=Workflow Poller taskQueue="demoqueue", namespace="default", identity=10816@jon-pc}
2025-10-05 00:01:04 [main] INFO  io.temporal.internal.worker.Poller - start: Poller{name=Activity Poller taskQueue="demoqueue", namespace="default", identity=10816@jon-pc}
2025-10-05 00:01:09 [http-nio-8081-exec-1] INFO  o.a.c.c.C.[Tomcat].[localhost].[/] - Initializing Spring DispatcherServlet 'dispatcherServlet'
2025-10-05 00:01:09 [http-nio-8081-exec-1] INFO  o.s.web.servlet.DispatcherServlet - Initializing Servlet 'dispatcherServlet'
2025-10-05 00:01:09 [http-nio-8081-exec-1] INFO  o.s.web.servlet.DispatcherServlet - Completed initialization in 3 ms
2025-10-05 00:01:09 [http-nio-8081-exec-1] DEBUG o.s.security.web.FilterChainProxy - Securing GET /actuator/prometheus
2025-10-05 00:01:09 [http-nio-8081-exec-1] DEBUG o.s.s.w.a.AnonymousAuthenticationFilter - Set SecurityContextHolder to anonymous SecurityContext
2025-10-05 00:01:09 [http-nio-8081-exec-1] DEBUG o.s.security.web.FilterChainProxy - Secured GET /actuator/prometheus
2025-10-05 00:01:19 [http-nio-8081-exec-2] DEBUG o.s.security.web.FilterChainProxy - Securing GET /actuator/prometheus
2025-10-05 00:01:19 [http-nio-8081-exec-2] DEBUG o.s.s.w.a.AnonymousAuthenticationFilter - Set SecurityContextHolder to anonymous SecurityContext
2025-10-05 00:01:19 [http-nio-8081-exec-2] DEBUG o.s.security.web.FilterChainProxy - Secured GET /actuator/prometheus
2025-10-05 00:01:23 [http-nio-8081-exec-3] DEBUG o.s.security.web.FilterChainProxy - Securing GET /swagger-ui/index.html
2025-10-05 00:01:23 [http-nio-8081-exec-3] DEBUG o.s.s.w.a.AnonymousAuthenticationFilter - Set SecurityContextHolder to anonymous SecurityContext
2025-10-05 00:01:23 [http-nio-8081-exec-3] DEBUG o.s.security.web.FilterChainProxy - Secured GET /swagger-ui/index.html
2025-10-05 00:01:23 [http-nio-8081-exec-5] DEBUG o.s.security.web.FilterChainProxy - Securing GET /swagger-ui/index.css
2025-10-05 00:01:23 [http-nio-8081-exec-4] DEBUG o.s.security.web.FilterChainProxy - Securing GET /swagger-ui/swagger-ui.css
2025-10-05 00:01:23 [http-nio-8081-exec-7] DEBUG o.s.security.web.FilterChainProxy - Securing GET /swagger-ui/swagger-initializer.js
2025-10-05 00:01:23 [http-nio-8081-exec-6] DEBUG o.s.security.web.FilterChainProxy - Securing GET /swagger-ui/swagger-ui-bundle.js
2025-10-05 00:01:23 [http-nio-8081-exec-7] DEBUG o.s.s.w.a.AnonymousAuthenticationFilter - Set SecurityContextHolder to anonymous SecurityContext
2025-10-05 00:01:23 [http-nio-8081-exec-6] DEBUG o.s.s.w.a.AnonymousAuthenticationFilter - Set SecurityContextHolder to anonymous SecurityContext
2025-10-05 00:01:23 [http-nio-8081-exec-8] DEBUG o.s.security.web.FilterChainProxy - Securing GET /swagger-ui/swagger-ui-standalone-preset.js
2025-10-05 00:01:23 [http-nio-8081-exec-5] DEBUG o.s.s.w.a.AnonymousAuthenticationFilter - Set SecurityContextHolder to anonymous SecurityContext
2025-10-05 00:01:23 [http-nio-8081-exec-4] DEBUG o.s.s.w.a.AnonymousAuthenticationFilter - Set SecurityContextHolder to anonymous SecurityContext
2025-10-05 00:01:23 [http-nio-8081-exec-6] DEBUG o.s.security.web.FilterChainProxy - Secured GET /swagger-ui/swagger-ui-bundle.js
2025-10-05 00:01:23 [http-nio-8081-exec-7] DEBUG o.s.security.web.FilterChainProxy - Secured GET /swagger-ui/swagger-initializer.js
2025-10-05 00:01:23 [http-nio-8081-exec-8] DEBUG o.s.s.w.a.AnonymousAuthenticationFilter - Set SecurityContextHolder to anonymous SecurityContext
2025-10-05 00:01:23 [http-nio-8081-exec-5] DEBUG o.s.security.web.FilterChainProxy - Secured GET /swagger-ui/index.css
2025-10-05 00:01:23 [http-nio-8081-exec-4] DEBUG o.s.security.web.FilterChainProxy - Secured GET /swagger-ui/swagger-ui.css
2025-10-05 00:01:23 [http-nio-8081-exec-8] DEBUG o.s.security.web.FilterChainProxy - Secured GET /swagger-ui/swagger-ui-standalone-preset.js
2025-10-05 00:01:24 [http-nio-8081-exec-9] DEBUG o.s.security.web.FilterChainProxy - Securing GET /v3/api-docs/swagger-config
2025-10-05 00:01:24 [http-nio-8081-exec-10] DEBUG o.s.security.web.FilterChainProxy - Securing GET /swagger-ui/favicon-32x32.png
2025-10-05 00:01:24 [http-nio-8081-exec-9] DEBUG o.s.s.w.a.AnonymousAuthenticationFilter - Set SecurityContextHolder to anonymous SecurityContext
2025-10-05 00:01:24 [http-nio-8081-exec-10] DEBUG o.s.s.w.a.AnonymousAuthenticationFilter - Set SecurityContextHolder to anonymous SecurityContext
2025-10-05 00:01:24 [http-nio-8081-exec-9] DEBUG o.s.security.web.FilterChainProxy - Secured GET /v3/api-docs/swagger-config
2025-10-05 00:01:24 [http-nio-8081-exec-10] DEBUG o.s.security.web.FilterChainProxy - Secured GET /swagger-ui/favicon-32x32.png
2025-10-05 00:01:24 [http-nio-8081-exec-1] DEBUG o.s.security.web.FilterChainProxy - Securing GET /v3/api-docs
2025-10-05 00:01:24 [http-nio-8081-exec-1] DEBUG o.s.s.w.a.AnonymousAuthenticationFilter - Set SecurityContextHolder to anonymous SecurityContext
2025-10-05 00:01:24 [http-nio-8081-exec-1] DEBUG o.s.security.web.FilterChainProxy - Secured GET /v3/api-docs
2025-10-05 00:01:25 [http-nio-8081-exec-1] INFO  o.s.api.AbstractOpenApiResource - Init duration for springdoc-openapi is: 718 ms
2025-10-05 00:01:29 [http-nio-8081-exec-2] DEBUG o.s.security.web.FilterChainProxy - Securing GET /actuator/prometheus
2025-10-05 00:01:29 [http-nio-8081-exec-2] DEBUG o.s.s.w.a.AnonymousAuthenticationFilter - Set SecurityContextHolder to anonymous SecurityContext
2025-10-05 00:01:29 [http-nio-8081-exec-2] DEBUG o.s.security.web.FilterChainProxy - Secured GET /actuator/prometheus
2025-10-05 00:01:40 [http-nio-8081-exec-3] DEBUG o.s.security.web.FilterChainProxy - Securing GET /actuator/prometheus
2025-10-05 00:01:40 [http-nio-8081-exec-3] DEBUG o.s.s.w.a.AnonymousAuthenticationFilter - Set SecurityContextHolder to anonymous SecurityContext
2025-10-05 00:01:40 [http-nio-8081-exec-3] DEBUG o.s.security.web.FilterChainProxy - Secured GET /actuator/prometheus
2025-10-05 00:01:50 [http-nio-8081-exec-5] DEBUG o.s.security.web.FilterChainProxy - Securing GET /actuator/prometheus
2025-10-05 00:01:50 [http-nio-8081-exec-5] DEBUG o.s.s.w.a.AnonymousAuthenticationFilter - Set SecurityContextHolder to anonymous SecurityContext
2025-10-05 00:01:50 [http-nio-8081-exec-5] DEBUG o.s.security.web.FilterChainProxy - Secured GET /actuator/prometheus
2025-10-05 00:02:00 [http-nio-8081-exec-6] DEBUG o.s.security.web.FilterChainProxy - Securing GET /actuator/prometheus
2025-10-05 00:02:00 [http-nio-8081-exec-6] DEBUG o.s.s.w.a.AnonymousAuthenticationFilter - Set SecurityContextHolder to anonymous SecurityContext
2025-10-05 00:02:00 [http-nio-8081-exec-6] DEBUG o.s.security.web.FilterChainProxy - Secured GET /actuator/prometheus
2025-10-05 00:02:11 [http-nio-8081-exec-4] DEBUG o.s.security.web.FilterChainProxy - Securing GET /actuator/prometheus
2025-10-05 00:02:11 [http-nio-8081-exec-4] DEBUG o.s.s.w.a.AnonymousAuthenticationFilter - Set SecurityContextHolder to anonymous SecurityContext
2025-10-05 00:02:11 [http-nio-8081-exec-4] DEBUG o.s.security.web.FilterChainProxy - Secured GET /actuator/prometheus
2025-10-05 00:02:21 [http-nio-8081-exec-8] DEBUG o.s.security.web.FilterChainProxy - Securing GET /actuator/prometheus
2025-10-05 00:02:21 [http-nio-8081-exec-8] DEBUG o.s.s.w.a.AnonymousAuthenticationFilter - Set SecurityContextHolder to anonymous SecurityContext
2025-10-05 00:02:21 [http-nio-8081-exec-8] DEBUG o.s.security.web.FilterChainProxy - Secured GET /actuator/prometheus
2025-10-05 00:02:31 [http-nio-8081-exec-3] DEBUG o.s.security.web.FilterChainProxy - Securing GET /actuator/prometheus
2025-10-05 00:02:31 [http-nio-8081-exec-3] DEBUG o.s.s.w.a.AnonymousAuthenticationFilter - Set SecurityContextHolder to anonymous SecurityContext
2025-10-05 00:02:31 [http-nio-8081-exec-3] DEBUG o.s.security.web.FilterChainProxy - Secured GET /actuator/prometheus
2025-10-05 00:02:42 [http-nio-8081-exec-5] DEBUG o.s.security.web.FilterChainProxy - Securing GET /actuator/prometheus
2025-10-05 00:02:42 [http-nio-8081-exec-5] DEBUG o.s.s.w.a.AnonymousAuthenticationFilter - Set SecurityContextHolder to anonymous SecurityContext
2025-10-05 00:02:42 [http-nio-8081-exec-5] DEBUG o.s.security.web.FilterChainProxy - Secured GET /actuator/prometheus
2025-10-05 00:02:52 [http-nio-8081-exec-6] DEBUG o.s.security.web.FilterChainProxy - Securing GET /actuator/prometheus
2025-10-05 00:02:52 [http-nio-8081-exec-6] DEBUG o.s.s.w.a.AnonymousAuthenticationFilter - Set SecurityContextHolder to anonymous SecurityContext
2025-10-05 00:02:52 [http-nio-8081-exec-6] DEBUG o.s.security.web.FilterChainProxy - Secured GET /actuator/prometheus
2025-10-05 00:03:02 [http-nio-8081-exec-4] DEBUG o.s.security.web.FilterChainProxy - Securing GET /actuator/prometheus
2025-10-05 00:03:02 [http-nio-8081-exec-4] DEBUG o.s.s.w.a.AnonymousAuthenticationFilter - Set SecurityContextHolder to anonymous SecurityContext
2025-10-05 00:03:02 [http-nio-8081-exec-4] DEBUG o.s.security.web.FilterChainProxy - Secured GET /actuator/prometheus
2025-10-05 00:03:13 [http-nio-8081-exec-8] DEBUG o.s.security.web.FilterChainProxy - Securing GET /actuator/prometheus
2025-10-05 00:03:13 [http-nio-8081-exec-8] DEBUG o.s.s.w.a.AnonymousAuthenticationFilter - Set SecurityContextHolder to anonymous SecurityContext
2025-10-05 00:03:13 [http-nio-8081-exec-8] DEBUG o.s.security.web.FilterChainProxy - Secured GET /actuator/prometheus
2025-10-05 00:03:23 [http-nio-8081-exec-10] DEBUG o.s.security.web.FilterChainProxy - Securing GET /actuator/prometheus
2025-10-05 00:03:23 [http-nio-8081-exec-10] DEBUG o.s.s.w.a.AnonymousAuthenticationFilter - Set SecurityContextHolder to anonymous SecurityContext
2025-10-05 00:03:23 [http-nio-8081-exec-10] DEBUG o.s.security.web.FilterChainProxy - Secured GET /actuator/prometheus
2025-10-05 00:03:34 [http-nio-8081-exec-7] DEBUG o.s.security.web.FilterChainProxy - Securing GET /actuator/prometheus
2025-10-05 00:03:34 [http-nio-8081-exec-7] DEBUG o.s.s.w.a.AnonymousAuthenticationFilter - Set SecurityContextHolder to anonymous SecurityContext
2025-10-05 00:03:34 [http-nio-8081-exec-7] DEBUG o.s.security.web.FilterChainProxy - Secured GET /actuator/prometheus
2025-10-05 00:03:44 [http-nio-8081-exec-9] DEBUG o.s.security.web.FilterChainProxy - Securing GET /actuator/prometheus
2025-10-05 00:03:44 [http-nio-8081-exec-9] DEBUG o.s.s.w.a.AnonymousAuthenticationFilter - Set SecurityContextHolder to anonymous SecurityContext
2025-10-05 00:03:44 [http-nio-8081-exec-9] DEBUG o.s.security.web.FilterChainProxy - Secured GET /actuator/prometheus
2025-10-05 00:03:54 [http-nio-8081-exec-1] DEBUG o.s.security.web.FilterChainProxy - Securing GET /actuator/prometheus
2025-10-05 00:03:54 [http-nio-8081-exec-1] DEBUG o.s.s.w.a.AnonymousAuthenticationFilter - Set SecurityContextHolder to anonymous SecurityContext
2025-10-05 00:03:54 [http-nio-8081-exec-1] DEBUG o.s.security.web.FilterChainProxy - Secured GET /actuator/prometheus
2025-10-05 00:04:05 [http-nio-8081-exec-2] DEBUG o.s.security.web.FilterChainProxy - Securing GET /actuator/prometheus
2025-10-05 00:04:05 [http-nio-8081-exec-2] DEBUG o.s.s.w.a.AnonymousAuthenticationFilter - Set SecurityContextHolder to anonymous SecurityContext
2025-10-05 00:04:05 [http-nio-8081-exec-2] DEBUG o.s.security.web.FilterChainProxy - Secured GET /actuator/prometheus
2025-10-05 00:04:15 [http-nio-8081-exec-3] DEBUG o.s.security.web.FilterChainProxy - Securing GET /actuator/prometheus
2025-10-05 00:04:15 [http-nio-8081-exec-3] DEBUG o.s.s.w.a.AnonymousAuthenticationFilter - Set SecurityContextHolder to anonymous SecurityContext
2025-10-05 00:04:15 [http-nio-8081-exec-3] DEBUG o.s.security.web.FilterChainProxy - Secured GET /actuator/prometheus
2025-10-05 00:04:25 [http-nio-8081-exec-5] DEBUG o.s.security.web.FilterChainProxy - Securing GET /actuator/prometheus
2025-10-05 00:04:25 [http-nio-8081-exec-5] DEBUG o.s.s.w.a.AnonymousAuthenticationFilter - Set SecurityContextHolder to anonymous SecurityContext
2025-10-05 00:04:25 [http-nio-8081-exec-5] DEBUG o.s.security.web.FilterChainProxy - Secured GET /actuator/prometheus
2025-10-05 00:04:36 [http-nio-8081-exec-6] DEBUG o.s.security.web.FilterChainProxy - Securing GET /actuator/prometheus
2025-10-05 00:04:36 [http-nio-8081-exec-6] DEBUG o.s.s.w.a.AnonymousAuthenticationFilter - Set SecurityContextHolder to anonymous SecurityContext
2025-10-05 00:04:36 [http-nio-8081-exec-6] DEBUG o.s.security.web.FilterChainProxy - Secured GET /actuator/prometheus
2025-10-05 00:04:46 [http-nio-8081-exec-4] DEBUG o.s.security.web.FilterChainProxy - Securing GET /actuator/prometheus
2025-10-05 00:04:46 [http-nio-8081-exec-4] DEBUG o.s.s.w.a.AnonymousAuthenticationFilter - Set SecurityContextHolder to anonymous SecurityContext
2025-10-05 00:04:46 [http-nio-8081-exec-4] DEBUG o.s.security.web.FilterChainProxy - Secured GET /actuator/prometheus
2025-10-05 00:04:56 [http-nio-8081-exec-8] DEBUG o.s.security.web.FilterChainProxy - Securing GET /actuator/prometheus
2025-10-05 00:04:56 [http-nio-8081-exec-8] DEBUG o.s.s.w.a.AnonymousAuthenticationFilter - Set SecurityContextHolder to anonymous SecurityContext
2025-10-05 00:04:56 [http-nio-8081-exec-8] DEBUG o.s.security.web.FilterChainProxy - Secured GET /actuator/prometheus
2025-10-05 00:05:07 [http-nio-8081-exec-10] DEBUG o.s.security.web.FilterChainProxy - Securing GET /actuator/prometheus
2025-10-05 00:05:07 [http-nio-8081-exec-10] DEBUG o.s.s.w.a.AnonymousAuthenticationFilter - Set SecurityContextHolder to anonymous SecurityContext
2025-10-05 00:05:07 [http-nio-8081-exec-10] DEBUG o.s.security.web.FilterChainProxy - Secured GET /actuator/prometheus
2025-10-05 00:05:17 [http-nio-8081-exec-7] DEBUG o.s.security.web.FilterChainProxy - Securing GET /actuator/prometheus
2025-10-05 00:05:17 [http-nio-8081-exec-7] DEBUG o.s.s.w.a.AnonymousAuthenticationFilter - Set SecurityContextHolder to anonymous SecurityContext
2025-10-05 00:05:17 [http-nio-8081-exec-7] DEBUG o.s.security.web.FilterChainProxy - Secured GET /actuator/prometheus
2025-10-05 00:05:27 [http-nio-8081-exec-9] DEBUG o.s.security.web.FilterChainProxy - Securing GET /actuator/prometheus
2025-10-05 00:05:27 [http-nio-8081-exec-9] DEBUG o.s.s.w.a.AnonymousAuthenticationFilter - Set SecurityContextHolder to anonymous SecurityContext
2025-10-05 00:05:27 [http-nio-8081-exec-9] DEBUG o.s.security.web.FilterChainProxy - Secured GET /actuator/prometheus
2025-10-05 00:05:38 [http-nio-8081-exec-1] DEBUG o.s.security.web.FilterChainProxy - Securing GET /actuator/prometheus
2025-10-05 00:05:38 [http-nio-8081-exec-1] DEBUG o.s.s.w.a.AnonymousAuthenticationFilter - Set SecurityContextHolder to anonymous SecurityContext
2025-10-05 00:05:38 [http-nio-8081-exec-1] DEBUG o.s.security.web.FilterChainProxy - Secured GET /actuator/prometheus
2025-10-05 00:05:48 [http-nio-8081-exec-2] DEBUG o.s.security.web.FilterChainProxy - Securing GET /actuator/prometheus
2025-10-05 00:05:48 [http-nio-8081-exec-2] DEBUG o.s.s.w.a.AnonymousAuthenticationFilter - Set SecurityContextHolder to anonymous SecurityContext
2025-10-05 00:05:48 [http-nio-8081-exec-2] DEBUG o.s.security.web.FilterChainProxy - Secured GET /actuator/prometheus
2025-10-05 00:05:58 [http-nio-8081-exec-3] DEBUG o.s.security.web.FilterChainProxy - Securing GET /actuator/prometheus
2025-10-05 00:05:58 [http-nio-8081-exec-3] DEBUG o.s.s.w.a.AnonymousAuthenticationFilter - Set SecurityContextHolder to anonymous SecurityContext
2025-10-05 00:05:58 [http-nio-8081-exec-3] DEBUG o.s.security.web.FilterChainProxy - Secured GET /actuator/prometheus
